<?xml version="1.0" encoding="UTF-8"?>
<!-- Generated by org.testng.reporters.JUnitXMLReporter -->
<testsuite ignored="2" hostname="DESKTOP-D0AT61K" failures="0" tests="2" name="Default test" time="127.587" errors="0" timestamp="2025-08-02T22:38:39 IST">
  <testcase classname="webSiteUseCases.useCases" name="Test_Case_001_User_Registration" time="23.782"/>
  <testcase classname="webSiteUseCases.useCases" name="Test_case_004_Logout_User" time="89.446"/>
  <testcase classname="webSiteUseCases.useCases" name="Test_Case_002_User_Login_Correct_Email" time="0.0">
    <ignored/>
  </testcase> <!-- Test_Case_002_User_Login_Correct_Email -->
  <testcase classname="webSiteUseCases.useCases" name="Test_case_003_Login_User_with_incorrect_email_and_password" time="0.0">
    <ignored/>
  </testcase> <!-- Test_case_003_Login_User_with_incorrect_email_and_password -->
</testsuite> <!-- Default test -->
