<?xml version="1.0" encoding="UTF-8"?>
<!-- Generated by org.testng.reporters.JUnitXMLReporter -->
<testsuite ignored="0" hostname="DESKTOP-D0AT61K" failures="0" tests="4" name="Test" time="39.371" errors="0" timestamp="2025-08-02T22:57:27 IST">
  <testcase classname="webSiteUseCases.useCases" name="Test_Case_001_User_Registration" time="12.395"/>
  <testcase classname="webSiteUseCases.useCases" name="Test_case_003_Login_User_with_incorrect_email_and_password" time="4.843"/>
  <testcase classname="webSiteUseCases.useCases" name="Test_Case_002_User_Login_Correct_Email" time="7.09"/>
  <testcase classname="webSiteUseCases.useCases" name="Test_case_004_Logout_User" time="6.707"/>
</testsuite> <!-- Test -->
