<?xml version="1.0" encoding="UTF-8"?>
<testng-results ignored="0" total="4" passed="4" failed="0" skipped="0">
  <reporter-output>
  </reporter-output>
  <suite started-at="2025-08-02T22:56:47 IST" name="Suite" finished-at="2025-08-02T22:57:27 IST" duration-ms="39371">
    <groups>
    </groups>
    <test started-at="2025-08-02T22:56:47 IST" name="Test" finished-at="2025-08-02T22:57:27 IST" duration-ms="39371">
      <class name="webSiteUseCases.useCases">
        <test-method is-config="true" signature="set_Values()[pri:0, instance:webSiteUseCases.useCases@2ea41516]" started-at="2025-08-02T22:56:47 IST" name="set_Values" finished-at="2025-08-02T22:56:51 IST" duration-ms="3417" status="PASS">
          <reporter-output>
          </reporter-output>
        </test-method> <!-- set_Values -->
        <test-method signature="Test_Case_001_User_Registration()[pri:0, instance:webSiteUseCases.useCases@2ea41516]" started-at="2025-08-02T22:56:51 IST" name="Test_Case_001_User_Registration" finished-at="2025-08-02T22:57:03 IST" duration-ms="12395" status="PASS">
          <reporter-output>
          </reporter-output>
        </test-method> <!-- Test_Case_001_User_Registration -->
        <test-method is-config="true" signature="close()[pri:0, instance:webSiteUseCases.useCases@2ea41516]" started-at="2025-08-02T22:57:03 IST" name="close" finished-at="2025-08-02T22:57:03 IST" duration-ms="204" status="PASS">
          <reporter-output>
          </reporter-output>
        </test-method> <!-- close -->
        <test-method is-config="true" signature="set_Values()[pri:0, instance:webSiteUseCases.useCases@2ea41516]" started-at="2025-08-02T22:57:03 IST" name="set_Values" finished-at="2025-08-02T22:57:05 IST" duration-ms="1415" status="PASS">
          <reporter-output>
          </reporter-output>
        </test-method> <!-- set_Values -->
        <test-method signature="Test_case_003_Login_User_with_incorrect_email_and_password()[pri:0, instance:webSiteUseCases.useCases@2ea41516]" started-at="2025-08-02T22:57:05 IST" name="Test_case_003_Login_User_with_incorrect_email_and_password" finished-at="2025-08-02T22:57:10 IST" duration-ms="4843" status="PASS">
          <reporter-output>
          </reporter-output>
        </test-method> <!-- Test_case_003_Login_User_with_incorrect_email_and_password -->
        <test-method is-config="true" signature="close()[pri:0, instance:webSiteUseCases.useCases@2ea41516]" started-at="2025-08-02T22:57:10 IST" name="close" finished-at="2025-08-02T22:57:10 IST" duration-ms="252" status="PASS">
          <reporter-output>
          </reporter-output>
        </test-method> <!-- close -->
        <test-method is-config="true" signature="set_Values()[pri:0, instance:webSiteUseCases.useCases@2ea41516]" started-at="2025-08-02T22:57:10 IST" name="set_Values" finished-at="2025-08-02T22:57:11 IST" duration-ms="1508" status="PASS">
          <reporter-output>
          </reporter-output>
        </test-method> <!-- set_Values -->
        <test-method signature="Test_Case_002_User_Login_Correct_Email()[pri:0, instance:webSiteUseCases.useCases@2ea41516]" started-at="2025-08-02T22:57:11 IST" name="Test_Case_002_User_Login_Correct_Email" finished-at="2025-08-02T22:57:18 IST" depends-on-methods="webSiteUseCases.useCases.Test_Case_001_User_Registration" duration-ms="7090" status="PASS">
          <reporter-output>
          </reporter-output>
        </test-method> <!-- Test_Case_002_User_Login_Correct_Email -->
        <test-method is-config="true" signature="close()[pri:0, instance:webSiteUseCases.useCases@2ea41516]" started-at="2025-08-02T22:57:18 IST" name="close" finished-at="2025-08-02T22:57:19 IST" duration-ms="167" status="PASS">
          <reporter-output>
          </reporter-output>
        </test-method> <!-- close -->
        <test-method is-config="true" signature="set_Values()[pri:0, instance:webSiteUseCases.useCases@2ea41516]" started-at="2025-08-02T22:57:19 IST" name="set_Values" finished-at="2025-08-02T22:57:20 IST" duration-ms="1139" status="PASS">
          <reporter-output>
          </reporter-output>
        </test-method> <!-- set_Values -->
        <test-method signature="Test_case_004_Logout_User()[pri:0, instance:webSiteUseCases.useCases@2ea41516]" started-at="2025-08-02T22:57:20 IST" name="Test_case_004_Logout_User" finished-at="2025-08-02T22:57:26 IST" depends-on-methods="webSiteUseCases.useCases.Test_Case_001_User_Registration" duration-ms="6707" status="PASS">
          <reporter-output>
          </reporter-output>
        </test-method> <!-- Test_case_004_Logout_User -->
        <test-method is-config="true" signature="close()[pri:0, instance:webSiteUseCases.useCases@2ea41516]" started-at="2025-08-02T22:57:26 IST" name="close" finished-at="2025-08-02T22:57:27 IST" duration-ms="132" status="PASS">
          <reporter-output>
          </reporter-output>
        </test-method> <!-- close -->
      </class> <!-- webSiteUseCases.useCases -->
    </test> <!-- Test -->
  </suite> <!-- Suite -->
</testng-results>
